<?xml version="1.0" encoding="UTF-8"?>
<!-- Generated by org.testng.reporters.JUnitXMLReporter -->
<testsuite ignored="0" hostname="LIN59017533" failures="0" tests="8" name="Default test" time="33.863" errors="0" timestamp="2024-10-06T02:47:53 IST">
  <testcase classname="test.testCaseFactory.ToDo_Test" name="openUrl" time="2.877"/>
  <testcase classname="test.testCaseFactory.ToDo_Test" name="ToAddSingleChar" time="3.232"/>
  <testcase classname="test.testCaseFactory.ToDo_Test" name="inValidItemEntry" time="4.57"/>
  <testcase classname="test.testCaseFactory.ToDo_Test" name="AddingValidItemEntry" time="5.528"/>
  <testcase classname="test.testCaseFactory.ToDo_Test" name="ClearCompletedVerify" time="2.3"/>
  <testcase classname="test.testCaseFactory.ToDo_Test" name="SelectSingleCheckBox" time="3.191"/>
  <testcase classname="test.testCaseFactory.ToDo_Test" name="SelectAllCheckBox" time="3.161"/>
  <testcase classname="test.testCaseFactory.ToDo_Test" name="ClearCompleted" time="3.104"/>
</testsuite> <!-- Default test -->
