<?xml version="1.0" encoding="UTF-8"?>
<!-- Generated by org.testng.reporters.JUnitXMLReporter -->
<testsuite ignored="0" hostname="LIN59017533" failures="0" tests="8" name="Default test" time="33.21" errors="0" timestamp="2024-10-05T16:33:20 IST">
  <testcase classname="test.testCaseFactory.ToDo_Test" name="openUrl" time="3.013"/>
  <testcase classname="test.testCaseFactory.ToDo_Test" name="ToAddSingleChar" time="3.35"/>
  <testcase classname="test.testCaseFactory.ToDo_Test" name="inValidItemEntry" time="4.578"/>
  <testcase classname="test.testCaseFactory.ToDo_Test" name="AddingValidItemEntry" time="5.449"/>
  <testcase classname="test.testCaseFactory.ToDo_Test" name="ClearCompletedVerify" time="2.308"/>
  <testcase classname="test.testCaseFactory.ToDo_Test" name="SelectSingleCheckBox" time="3.243"/>
  <testcase classname="test.testCaseFactory.ToDo_Test" name="SelectAllCheckBox" time="3.211"/>
  <testcase classname="test.testCaseFactory.ToDo_Test" name="ClearCompleted" time="3.115"/>
</testsuite> <!-- Default test -->
