<?xml version="1.0" encoding="UTF-8"?>
<testng-results ignored="0" total="1" passed="1" failed="0" skipped="0">
  <reporter-output>
    <line>
      <![CDATA[In the BEFORE SUITE Default suite]]>
    </line>
    <line>
      <![CDATA[ToDo_Test]]>
    </line>
    <line>
      <![CDATA[In the BEFORE METHOD]]>
    </line>
    <line>
      <![CDATA[In the AFTER TEST]]>
    </line>
    <line>
      <![CDATA[Browser Session End]]>
    </line>
    <line>
      <![CDATA[in the AFTER SUITE]]>
    </line>
  </reporter-output>
  <suite started-at="2024-10-05T00:27:44 IST" name="Default suite" finished-at="2024-10-05T00:27:52 IST" duration-ms="8238">
    <groups>
    </groups>
    <test started-at="2024-10-05T00:27:44 IST" name="Default test" finished-at="2024-10-05T00:27:52 IST" duration-ms="8238">
      <class name="test.testCaseFactory.ToDo_Test">
        <test-method is-config="true" signature="beforeSuite(org.testng.ITestContext)[pri:0, instance:test.testCaseFactory.ToDo_Test@338494fa]" started-at="2024-10-05T00:27:44 IST" name="beforeSuite" finished-at="2024-10-05T00:27:44 IST" duration-ms="24" status="PASS">
          <params>
            <param index="0">
              <value>
                <![CDATA[org.testng.TestRunner@3c83468e]]>
              </value>
            </param>
          </params>
          <reporter-output>
            <line>
              <![CDATA[In the BEFORE SUITE Default suite]]>
            </line>
          </reporter-output>
        </test-method> <!-- beforeSuite -->
        <test-method is-config="true" signature="setupApplication()[pri:0, instance:test.testCaseFactory.ToDo_Test@338494fa]" started-at="2024-10-05T00:27:44 IST" name="setupApplication" finished-at="2024-10-05T00:27:49 IST" duration-ms="4875" status="PASS">
          <reporter-output>
          </reporter-output>
        </test-method> <!-- setupApplication -->
        <test-method is-config="true" signature="settingUpReports()[pri:0, instance:test.testCaseFactory.ToDo_Test@338494fa]" started-at="2024-10-05T00:27:49 IST" name="settingUpReports" finished-at="2024-10-05T00:27:49 IST" duration-ms="207" status="PASS">
          <reporter-output>
            <line>
              <![CDATA[ToDo_Test]]>
            </line>
          </reporter-output>
        </test-method> <!-- settingUpReports -->
        <test-method is-config="true" signature="beforeMethod()[pri:0, instance:test.testCaseFactory.ToDo_Test@338494fa]" started-at="2024-10-05T00:27:49 IST" name="beforeMethod" finished-at="2024-10-05T00:27:49 IST" duration-ms="1" status="PASS">
          <reporter-output>
            <line>
              <![CDATA[In the BEFORE METHOD]]>
            </line>
          </reporter-output>
        </test-method> <!-- beforeMethod -->
        <test-method signature="openUrl()[pri:1, instance:test.testCaseFactory.ToDo_Test@338494fa]" started-at="2024-10-05T00:27:49 IST" name="openUrl" finished-at="2024-10-05T00:27:52 IST" duration-ms="2215" status="PASS">
          <reporter-output>
          </reporter-output>
        </test-method> <!-- openUrl -->
        <test-method is-config="true" signature="tearDown(org.testng.ITestResult)[pri:0, instance:test.testCaseFactory.ToDo_Test@338494fa]" started-at="2024-10-05T00:27:52 IST" name="tearDown" finished-at="2024-10-05T00:27:52 IST" duration-ms="7" status="PASS">
          <params>
            <param index="0">
              <value>
                <![CDATA[[TestResult name=openUrl status=SUCCESS method=ToDo_Test.openUrl()[pri:1, instance:test.testCaseFactory.ToDo_Test@338494fa] output={null}]]]>
              </value>
            </param>
          </params>
          <reporter-output>
          </reporter-output>
        </test-method> <!-- tearDown -->
        <test-method is-config="true" signature="creatingReports()[pri:0, instance:test.testCaseFactory.ToDo_Test@338494fa]" started-at="2024-10-05T00:27:52 IST" name="creatingReports" finished-at="2024-10-05T00:27:52 IST" duration-ms="426" status="PASS">
          <reporter-output>
          </reporter-output>
        </test-method> <!-- creatingReports -->
        <test-method is-config="true" signature="closeApplication()[pri:0, instance:test.testCaseFactory.ToDo_Test@338494fa]" started-at="2024-10-05T00:27:52 IST" name="closeApplication" finished-at="2024-10-05T00:27:52 IST" duration-ms="429" status="PASS">
          <reporter-output>
            <line>
              <![CDATA[In the AFTER TEST]]>
            </line>
            <line>
              <![CDATA[Browser Session End]]>
            </line>
          </reporter-output>
        </test-method> <!-- closeApplication -->
        <test-method is-config="true" signature="afterSuite()[pri:0, instance:test.testCaseFactory.ToDo_Test@338494fa]" started-at="2024-10-05T00:27:53 IST" name="afterSuite" finished-at="2024-10-05T00:27:53 IST" duration-ms="315" status="PASS">
          <reporter-output>
            <line>
              <![CDATA[in the AFTER SUITE]]>
            </line>
          </reporter-output>
        </test-method> <!-- afterSuite -->
      </class> <!-- test.testCaseFactory.ToDo_Test -->
    </test> <!-- Default test -->
  </suite> <!-- Default suite -->
</testng-results>
